TN:
SF:/home/labber/scheduler/src/components/Application.js
FN:16,Application
FN:27,(anonymous_1)
FNF:2
FNH:2
FNDA:13,Application
FNDA:16,(anonymous_1)
DA:22,13
DA:24,13
DA:26,13
DA:28,16
DA:41,13
LF:5
LH:5
BRF:0
BRH:0
end_of_record
TN:
SF:/home/labber/scheduler/src/components/Button.js
FN:7,Button
FNF:1
FNH:1
FNDA:45,Button
DA:8,45
DA:13,45
LF:2
LH:2
BRF:0
BRH:0
end_of_record
TN:
SF:/home/labber/scheduler/src/components/DayList.js
FN:5,DayList
FN:6,(anonymous_1)
FNF:2
FNH:2
FNDA:13,DayList
FNDA:16,(anonymous_1)
DA:6,13
DA:7,16
DA:18,13
LF:3
LH:3
BRF:0
BRH:0
end_of_record
TN:
SF:/home/labber/scheduler/src/components/DayListItem.js
FN:6,formatSpots
FN:13,DayListItem
FN:22,(anonymous_2)
FNF:3
FNH:2
FNDA:16,formatSpots
FNDA:16,DayListItem
FNDA:0,(anonymous_2)
DA:7,16
DA:8,15
DA:10,1
DA:14,16
DA:19,16
DA:22,0
LF:6
LH:5
BRDA:7,0,0,1
BRDA:7,0,1,15
BRDA:8,1,0,14
BRDA:8,1,1,1
BRF:4
BRH:4
end_of_record
TN:
SF:/home/labber/scheduler/src/components/InterviewerList.js
FN:8,InterviewerList
FN:9,(anonymous_1)
FN:17,(anonymous_2)
FNF:3
FNH:3
FNDA:20,InterviewerList
FNDA:29,(anonymous_1)
FNDA:3,(anonymous_2)
DA:9,20
DA:10,29
DA:17,3
DA:22,20
DA:30,3
LF:5
LH:5
BRF:0
BRH:0
end_of_record
TN:
SF:/home/labber/scheduler/src/components/InterviewerListItem.js
FN:6,InterviewerItem
FNF:1
FNH:1
FNDA:29,InterviewerItem
DA:7,29
DA:11,29
LF:2
LH:2
BRDA:18,0,0,29
BRDA:18,0,1,11
BRF:2
BRH:2
end_of_record
TN:
SF:/home/labber/scheduler/src/components/Appointment/Confirm.js
FN:5,Confirm
FNF:1
FNH:1
FNDA:2,Confirm
DA:6,2
LF:1
LH:1
BRF:0
BRH:0
end_of_record
TN:
SF:/home/labber/scheduler/src/components/Appointment/Empty.js
FN:3,Empty
FNF:1
FNH:1
FNDA:21,Empty
DA:4,21
LF:1
LH:1
BRF:0
BRH:0
end_of_record
TN:
SF:/home/labber/scheduler/src/components/Appointment/Error.js
FN:3,Error
FNF:1
FNH:1
FNDA:2,Error
DA:4,2
LF:1
LH:1
BRF:0
BRH:0
end_of_record
TN:
SF:/home/labber/scheduler/src/components/Appointment/Form.js
FN:6,Form
FN:11,reset
FN:17,cancel
FN:22,validate
FN:39,(anonymous_4)
FN:46,(anonymous_5)
FNF:6
FNH:5
FNDA:20,Form
FNDA:1,reset
FNDA:1,cancel
FNDA:7,validate
FNDA:0,(anonymous_4)
FNDA:5,(anonymous_5)
DA:7,20
DA:8,20
DA:9,20
DA:12,1
DA:13,1
DA:14,1
DA:18,1
DA:19,1
DA:23,7
DA:24,2
DA:25,2
DA:32,5
DA:33,5
DA:36,20
DA:39,0
DA:47,5
LF:16
LH:15
BRDA:7,0,0,20
BRDA:7,0,1,10
BRDA:8,1,0,20
BRDA:8,1,1,10
BRDA:23,2,0,2
BRDA:23,2,1,5
BRF:6
BRH:6
end_of_record
TN:
SF:/home/labber/scheduler/src/components/Appointment/Header.js
FN:3,Header
FNF:1
FNH:1
FNDA:44,Header
DA:4,44
LF:1
LH:1
BRF:0
BRH:0
end_of_record
TN:
SF:/home/labber/scheduler/src/components/Appointment/Show.js
FN:3,Show
FNF:1
FNH:1
FNDA:8,Show
DA:4,8
LF:1
LH:1
BRDA:11,0,0,8
BRDA:11,0,1,8
BRF:2
BRH:2
end_of_record
TN:
SF:/home/labber/scheduler/src/components/Appointment/Status.js
FN:3,Status
FNF:1
FNH:1
FNDA:8,Status
DA:4,8
LF:1
LH:1
BRF:0
BRH:0
end_of_record
TN:
SF:/home/labber/scheduler/src/components/Appointment/index.js
FN:12,Appointment
FN:23,save
FN:33,(anonymous_2)
FN:34,(anonymous_3)
FN:37,destroy
FN:41,(anonymous_5)
FN:42,(anonymous_6)
FN:53,(anonymous_7)
FN:57,(anonymous_8)
FN:58,(anonymous_9)
FNF:10
FNH:10
FNDA:44,Appointment
FNDA:3,save
FNDA:2,(anonymous_2)
FNDA:1,(anonymous_3)
FNDA:2,destroy
FNDA:1,(anonymous_5)
FNDA:1,(anonymous_6)
FNDA:1,(anonymous_7)
FNDA:2,(anonymous_8)
FNDA:2,(anonymous_9)
DA:13,44
DA:14,44
DA:15,44
DA:16,44
DA:17,44
DA:18,44
DA:19,44
DA:20,44
DA:21,44
DA:22,44
DA:24,3
DA:29,3
DA:31,3
DA:33,2
DA:34,1
DA:38,2
DA:39,2
DA:41,1
DA:42,1
DA:45,44
DA:47,44
DA:53,1
DA:57,2
DA:58,2
LF:24
LH:24
BRDA:45,0,0,20
BRDA:45,0,1,24
BRDA:53,1,0,44
BRDA:53,1,1,21
BRDA:54,2,0,44
BRDA:54,2,1,8
BRDA:61,3,0,44
BRDA:61,3,1,1
BRDA:64,4,0,44
BRDA:64,4,1,2
BRDA:73,5,0,44
BRDA:73,5,1,5
BRDA:74,6,0,44
BRDA:74,6,1,3
BRDA:75,7,0,44
BRDA:75,7,1,2
BRDA:82,8,0,44
BRDA:82,8,1,1
BRDA:85,9,0,44
BRDA:85,9,1,1
BRF:20
BRH:20
end_of_record
TN:
SF:/home/labber/scheduler/src/helpers/selectors.js
FN:1,getAppointmentsForDay
FN:2,(anonymous_1)
FN:6,(anonymous_2)
FN:9,getInterviewersForDay
FN:10,(anonymous_4)
FN:14,(anonymous_5)
FN:17,getInterview
FNF:7
FNH:7
FNDA:18,getAppointmentsForDay
FNDA:14,(anonymous_1)
FNDA:24,(anonymous_2)
FNDA:18,getInterviewersForDay
FNDA:14,(anonymous_4)
FNDA:22,(anonymous_5)
FNDA:18,getInterview
DA:2,18
DA:4,18
DA:6,24
DA:10,18
DA:12,18
DA:14,22
DA:18,18
LF:7
LH:7
BRDA:4,0,0,7
BRDA:4,0,1,11
BRDA:4,1,0,18
BRDA:4,1,1,12
BRDA:12,2,0,7
BRDA:12,2,1,11
BRDA:12,3,0,18
BRDA:12,3,1,12
BRDA:19,4,0,18
BRDA:19,4,1,9
BRF:10
BRH:10
end_of_record
TN:
SF:/home/labber/scheduler/src/hooks/useApplicationData.js
FN:13,useApplicationData
FN:21,(anonymous_1)
FN:23,(anonymous_2)
FN:29,(anonymous_3)
FN:41,bookInterview
FN:42,(anonymous_5)
FN:51,cancelInterview
FN:52,(anonymous_7)
FNF:8
FNH:7
FNDA:13,useApplicationData
FNDA:0,(anonymous_1)
FNDA:5,(anonymous_2)
FNDA:5,(anonymous_3)
FNDA:3,bookInterview
FNDA:2,(anonymous_5)
FNDA:2,cancelInterview
FNDA:1,(anonymous_7)
DA:14,13
DA:21,13
DA:23,13
DA:24,5
DA:30,5
DA:39,13
DA:42,3
DA:43,2
DA:52,2
DA:53,1
DA:61,13
LF:11
LH:11
BRF:0
BRH:0
end_of_record
TN:
SF:/home/labber/scheduler/src/hooks/useRealtimeUpdate.js
FN:4,useRealtimeUpdate
FN:5,(anonymous_1)
FN:8,(anonymous_2)
FN:16,(anonymous_3)
FNF:4
FNH:3
FNDA:13,useRealtimeUpdate
FNDA:5,(anonymous_1)
FNDA:0,(anonymous_2)
FNDA:5,(anonymous_3)
DA:5,13
DA:6,5
DA:8,5
DA:9,0
DA:11,0
DA:12,0
DA:16,5
DA:17,5
LF:8
LH:5
BRDA:11,0,0,0
BRDA:11,0,1,0
BRDA:11,1,0,0
BRDA:11,1,1,0
BRF:4
BRH:0
end_of_record
TN:
SF:/home/labber/scheduler/src/hooks/useVisualMode.js
FN:4,(anonymous_0)
FN:8,(anonymous_1)
FN:10,(anonymous_2)
FN:13,(anonymous_3)
FN:14,(anonymous_4)
FNF:5
FNH:5
FNDA:57,(anonymous_0)
FNDA:20,(anonymous_1)
FNDA:20,(anonymous_2)
FNDA:4,(anonymous_3)
FNDA:4,(anonymous_4)
DA:4,3
DA:6,57
DA:8,57
DA:10,20
DA:13,57
DA:14,4
DA:15,4
DA:16,1
DA:18,3
DA:23,57
LF:10
LH:10
BRDA:8,0,0,15
BRDA:10,1,0,5
BRDA:10,1,1,15
BRDA:15,2,0,1
BRDA:15,2,1,3
BRF:5
BRH:5
end_of_record
TN:
SF:/home/labber/scheduler/src/reducers/application.js
FN:5,reducer
FN:27,(anonymous_1)
FN:30,(anonymous_2)
FN:34,(anonymous_3)
FNF:4
FNH:4
FNDA:9,reducer
FNDA:3,(anonymous_1)
FNDA:6,(anonymous_2)
FNDA:6,(anonymous_3)
DA:1,3
DA:2,3
DA:3,3
DA:6,9
DA:8,0
DA:10,5
DA:17,3
DA:22,3
DA:27,3
DA:28,3
DA:30,6
DA:34,3
DA:35,6
DA:43,3
DA:50,1
LF:15
LH:14
BRDA:6,0,0,0
BRDA:6,0,1,5
BRDA:6,0,2,3
BRDA:6,0,3,1
BRDA:19,1,0,3
BRDA:19,1,1,2
BRDA:30,2,0,3
BRDA:30,2,1,3
BRDA:35,3,0,3
BRDA:35,3,1,3
BRF:10
BRH:9
end_of_record
